<?xml version="1.0" encoding="UTF-8"?>
<!-- Generated by org.testng.reporters.JUnitXMLReporter -->
<testsuite ignored="0" hostname="LAPTOP-N5V8OHI7" failures="0" tests="4" name="Default test" time="50.267" errors="0" timestamp="2025-08-02T10:44:57 IST">
  <testcase classname="tests.LoginTest" name="testInvalidLoginShowErrorMsg" time="1.345"/>
  <testcase classname="tests.LoginTest" name="testLoginButtonDisabledWhenFieldsAreEmpty" time="0.066"/>
  <testcase classname="tests.LoginTest" name="testPasswordMaskedbutton" time="0.583"/>
  <testcase classname="tests.LoginTest" name="testValidatePresenceOfPageElements" time="0.154"/>
</testsuite> <!-- Default test -->
