<?xml version="1.0" encoding="UTF-8"?>
<testng-results ignored="0" total="4" passed="4" failed="0" skipped="0">
  <reporter-output>
  </reporter-output>
  <suite started-at="2025-08-02T10:44:06 IST" name="Default suite" finished-at="2025-08-02T10:44:57 IST" duration-ms="50267">
    <groups>
    </groups>
    <test started-at="2025-08-02T10:44:06 IST" name="Default test" finished-at="2025-08-02T10:44:57 IST" duration-ms="50267">
      <class name="tests.LoginTest">
        <test-method is-config="true" signature="setUp()[pri:0, instance:tests.LoginTest@557caf28]" started-at="2025-08-02T10:44:06 IST" name="setUp" finished-at="2025-08-02T10:44:13 IST" duration-ms="6390" status="PASS">
          <reporter-output>
          </reporter-output>
        </test-method> <!-- setUp -->
        <test-method is-config="true" signature="initPageObjects()[pri:0, instance:tests.LoginTest@557caf28]" started-at="2025-08-02T10:44:13 IST" name="initPageObjects" finished-at="2025-08-02T10:44:23 IST" duration-ms="10485" status="PASS">
          <reporter-output>
          </reporter-output>
        </test-method> <!-- initPageObjects -->
        <test-method signature="testInvalidLoginShowErrorMsg()[pri:0, instance:tests.LoginTest@557caf28]" started-at="2025-08-02T10:44:23 IST" name="testInvalidLoginShowErrorMsg" description="Attempt invalid login and verify error message" finished-at="2025-08-02T10:44:25 IST" duration-ms="1345" status="PASS">
          <reporter-output>
          </reporter-output>
        </test-method> <!-- testInvalidLoginShowErrorMsg -->
        <test-method is-config="true" signature="initPageObjects()[pri:0, instance:tests.LoginTest@557caf28]" started-at="2025-08-02T10:44:25 IST" name="initPageObjects" finished-at="2025-08-02T10:44:35 IST" duration-ms="10201" status="PASS">
          <reporter-output>
          </reporter-output>
        </test-method> <!-- initPageObjects -->
        <test-method signature="testLoginButtonDisabledWhenFieldsAreEmpty()[pri:0, instance:tests.LoginTest@557caf28]" started-at="2025-08-02T10:44:35 IST" name="testLoginButtonDisabledWhenFieldsAreEmpty" description="Verify login button is enabled/disabled based on fields" finished-at="2025-08-02T10:44:35 IST" duration-ms="66" status="PASS">
          <reporter-output>
          </reporter-output>
        </test-method> <!-- testLoginButtonDisabledWhenFieldsAreEmpty -->
        <test-method is-config="true" signature="initPageObjects()[pri:0, instance:tests.LoginTest@557caf28]" started-at="2025-08-02T10:44:35 IST" name="initPageObjects" finished-at="2025-08-02T10:44:45 IST" duration-ms="10193" status="PASS">
          <reporter-output>
          </reporter-output>
        </test-method> <!-- initPageObjects -->
        <test-method signature="testPasswordMaskedbutton()[pri:0, instance:tests.LoginTest@557caf28]" started-at="2025-08-02T10:44:45 IST" name="testPasswordMaskedbutton" description="Validate password field masking and unmasking toggle" finished-at="2025-08-02T10:44:46 IST" duration-ms="583" status="PASS">
          <reporter-output>
          </reporter-output>
        </test-method> <!-- testPasswordMaskedbutton -->
        <test-method is-config="true" signature="initPageObjects()[pri:0, instance:tests.LoginTest@557caf28]" started-at="2025-08-02T10:44:46 IST" name="initPageObjects" finished-at="2025-08-02T10:44:56 IST" duration-ms="10217" status="PASS">
          <reporter-output>
          </reporter-output>
        </test-method> <!-- initPageObjects -->
        <test-method signature="testValidatePresenceOfPageElements()[pri:0, instance:tests.LoginTest@557caf28]" started-at="2025-08-02T10:44:56 IST" name="testValidatePresenceOfPageElements" description="Verify presence of all login page elements" finished-at="2025-08-02T10:44:56 IST" duration-ms="154" status="PASS">
          <reporter-output>
          </reporter-output>
        </test-method> <!-- testValidatePresenceOfPageElements -->
        <test-method is-config="true" signature="tearDown()[pri:0, instance:tests.LoginTest@557caf28]" started-at="2025-08-02T10:44:56 IST" name="tearDown" finished-at="2025-08-02T10:44:57 IST" duration-ms="532" status="PASS">
          <reporter-output>
          </reporter-output>
        </test-method> <!-- tearDown -->
      </class> <!-- tests.LoginTest -->
    </test> <!-- Default test -->
  </suite> <!-- Default suite -->
</testng-results>
